<?xml version="1.0" encoding="UTF-8"?>
<!-- Generated by org.testng.reporters.JUnitReportReporter -->
<testsuite skipped="0" hostname="DESKTOP-SVCS4KF" name="webStepdef.WebTableStep" tests="1" failures="0" timestamp="18 Jul 2018 23:27:38 GMT" time="11.570" errors="0">
  <testcase name="getWebTable" time="11.570" classname="webStepdef.WebTableStep"/>
</testsuite> <!-- webStepdef.WebTableStep -->
